<?xml version="1.0" encoding="UTF-8"?>
<!-- Generated by org.testng.reporters.JUnitXMLReporter -->
<testsuite ignored="0" hostname="LAPTOP-1OUCR3EM" failures="1" tests="2" name="ChromeTest" time="15.438" errors="0" timestamp="2022-05-30T17:20:55 IST">
  <testcase classname="testjava.TestNgprac" name="verifyaddcart" time="2.245"/>
  <testcase classname="testjava.TestNgprac" name="verifydrop" time="0.363">
    <failure type="java.lang.AssertionError" message="expected [https://www.saucedemo.com/inventory.html] but found [https://www.saucedemo.com/inventory.htmp]">
      <![CDATA[java.lang.AssertionError: expected [https://www.saucedemo.com/inventory.html] but found [https://www.saucedemo.com/inventory.htmp]
at testjava.TestNgprac.verifydrop(TestNgprac.java:91)
at java.base/java.util.concurrent.ThreadPoolExecutor.runWorker(ThreadPoolExecutor.java:1136)
at java.base/java.util.concurrent.ThreadPoolExecutor$Worker.run(ThreadPoolExecutor.java:635)
at java.base/java.lang.Thread.run(Thread.java:833)
... Removed 18 stack frames]]>
    </failure>
  </testcase> <!-- verifydrop -->
</testsuite> <!-- ChromeTest -->
